5/13/2019 10:37:21 PM	This log contains information about the import schema operation into project 'EmployeeInformation' on computer 'LBNL13128' by user 'BDIVEKAR'.
5/13/2019 10:37:22 PM	Import of database schema has started.
5/13/2019 10:38:15 PM	Gathering database credentials
5/13/2019 10:38:15 PM	Gathering database options
5/13/2019 10:38:15 PM	Gathering generic database scoped configuration option
5/13/2019 10:38:15 PM	Gathering users
5/13/2019 10:38:15 PM	Gathering roles
5/13/2019 10:38:15 PM	Gathering application roles
5/13/2019 10:38:15 PM	Gathering role memberships
5/13/2019 10:38:15 PM	Gathering filegroups
5/13/2019 10:38:15 PM	Gathering full-text catalogs
5/13/2019 10:38:15 PM	Gathering assemblies
5/13/2019 10:38:15 PM	Gathering certificates
5/13/2019 10:38:15 PM	Gathering asymmetric keys
5/13/2019 10:38:15 PM	Gathering symmetric keys
5/13/2019 10:38:15 PM	Gathering encrypted symmetric keys
5/13/2019 10:38:16 PM	Gathering schemas
5/13/2019 10:38:16 PM	Gathering XML schema collections
5/13/2019 10:38:16 PM	Gathering user-defined data types
5/13/2019 10:38:16 PM	Gathering user-defined types
5/13/2019 10:38:16 PM	Gathering table types
5/13/2019 10:38:16 PM	Gathering unique keys for table types
5/13/2019 10:38:16 PM	Gathering primary keys for table types
5/13/2019 10:38:16 PM	Gathering indexes for table types
5/13/2019 10:38:16 PM	Gathering check constraints for table types
5/13/2019 10:38:16 PM	Gathering default constraints for table types
5/13/2019 10:38:16 PM	Gathering partition functions
5/13/2019 10:38:16 PM	Gathering partition schemes
5/13/2019 10:38:16 PM	Gathering functions
5/13/2019 10:38:16 PM	Gathering encrypted functions
5/13/2019 10:38:16 PM	Gathering aggregates
5/13/2019 10:38:16 PM	Gathering procedures
5/13/2019 10:38:16 PM	Gathering encrypted procedures
5/13/2019 10:38:16 PM	Gathering tables
5/13/2019 10:38:16 PM	Gathering primary keys
5/13/2019 10:38:16 PM	Gathering unique constraints
5/13/2019 10:38:16 PM	Gathering foreign keys
5/13/2019 10:38:16 PM	Gathering default constraints
5/13/2019 10:38:16 PM	Gathering check constraints
5/13/2019 10:38:16 PM	Gathering views
5/13/2019 10:38:16 PM	Gathering encrypted views
5/13/2019 10:38:16 PM	Gathering indexes
5/13/2019 10:38:16 PM	Gathering statistics
5/13/2019 10:38:16 PM	Gathering full-text index stoplists
5/13/2019 10:38:16 PM	Gathering search property lists
5/13/2019 10:38:17 PM	Gathering search properties
5/13/2019 10:38:17 PM	Gathering full-text indexes
5/13/2019 10:38:17 PM	Gathering column store indexes
5/13/2019 10:38:17 PM	Gathering spatial indexes
5/13/2019 10:38:17 PM	Gathering XML indexes
5/13/2019 10:38:17 PM	Gathering Selective XML indexes
5/13/2019 10:38:17 PM	Gathering encrypted triggers
5/13/2019 10:38:17 PM	Gathering triggers
5/13/2019 10:38:17 PM	Gathering encrypted and clr ddl triggers
5/13/2019 10:38:17 PM	Gathering ddl triggers
5/13/2019 10:38:22 PM	Gathering synonyms
5/13/2019 10:38:22 PM	Gathering defaults
5/13/2019 10:38:22 PM	Gathering data constraint uddt bindings
5/13/2019 10:38:22 PM	Gathering rules
5/13/2019 10:38:22 PM	Gathering data constraint uddt bindings
5/13/2019 10:38:22 PM	Gathering message types
5/13/2019 10:38:22 PM	Gathering queues
5/13/2019 10:38:22 PM	Gathering contracts
5/13/2019 10:38:22 PM	Gathering services
5/13/2019 10:38:22 PM	Gathering event notifications
5/13/2019 10:38:22 PM	Gathering remote service bindings
5/13/2019 10:38:22 PM	Gathering broker priorities
5/13/2019 10:38:22 PM	Gathering signatures
5/13/2019 10:38:22 PM	Gathering data compression options
5/13/2019 10:38:22 PM	Gathering sequence types
5/13/2019 10:38:22 PM	Gathering security policies
5/13/2019 10:38:22 PM	Gather column encryption keys
5/13/2019 10:38:22 PM	Gathering column master keys
5/13/2019 10:38:22 PM	Gathering external data sources
5/13/2019 10:38:22 PM	Gathering external file formats
5/13/2019 10:38:22 PM	Gathering external tables
5/13/2019 10:38:22 PM	Gathering extended properties
5/13/2019 10:38:24 PM	Gathering credentials
5/13/2019 10:38:24 PM	Gathering logins
5/13/2019 10:38:24 PM	Gathering server audits
5/13/2019 10:38:24 PM	Scanning project for duplicate elements
5/13/2019 10:38:24 PM	Finished duplicate element processing
5/13/2019 10:38:25 PM	Finished importing database.
5/13/2019 10:38:25 PM	A summary of the import was saved to the following location: C:\Bhushan\ABN-AMRO-Use-Case\Folder2\EmployeeInformation\EmployeeInformation\Import Schema Logs\EmployeeInformation_20190513083721.log
5/13/2019 10:38:25 PM	Click Finish to continue...
